2024-03-06 13:55:37,403:WARNING:
'cuml' is a soft dependency and not included in the pycaret installation. Please run: `pip install cuml` to install.
2024-03-06 13:55:37,403:WARNING:
'cuml' is a soft dependency and not included in the pycaret installation. Please run: `pip install cuml` to install.
2024-03-06 13:55:37,403:WARNING:
'cuml' is a soft dependency and not included in the pycaret installation. Please run: `pip install cuml` to install.
2024-03-06 13:55:37,403:WARNING:
'cuml' is a soft dependency and not included in the pycaret installation. Please run: `pip install cuml` to install.
2024-03-06 13:58:37,689:WARNING:
'cuml' is a soft dependency and not included in the pycaret installation. Please run: `pip install cuml` to install.
2024-03-06 13:58:37,690:WARNING:
'cuml' is a soft dependency and not included in the pycaret installation. Please run: `pip install cuml` to install.
2024-03-06 13:58:37,690:WARNING:
'cuml' is a soft dependency and not included in the pycaret installation. Please run: `pip install cuml` to install.
2024-03-06 13:58:37,690:WARNING:
'cuml' is a soft dependency and not included in the pycaret installation. Please run: `pip install cuml` to install.
2024-03-06 13:58:59,490:WARNING:
'cuml' is a soft dependency and not included in the pycaret installation. Please run: `pip install cuml` to install.
2024-03-06 13:58:59,490:WARNING:
'cuml' is a soft dependency and not included in the pycaret installation. Please run: `pip install cuml` to install.
2024-03-06 13:58:59,490:WARNING:
'cuml' is a soft dependency and not included in the pycaret installation. Please run: `pip install cuml` to install.
2024-03-06 13:58:59,490:WARNING:
'cuml' is a soft dependency and not included in the pycaret installation. Please run: `pip install cuml` to install.
2024-03-06 13:59:13,649:WARNING:
'cuml' is a soft dependency and not included in the pycaret installation. Please run: `pip install cuml` to install.
2024-03-06 13:59:13,649:WARNING:
'cuml' is a soft dependency and not included in the pycaret installation. Please run: `pip install cuml` to install.
2024-03-06 13:59:13,649:WARNING:
'cuml' is a soft dependency and not included in the pycaret installation. Please run: `pip install cuml` to install.
2024-03-06 13:59:13,649:WARNING:
'cuml' is a soft dependency and not included in the pycaret installation. Please run: `pip install cuml` to install.
2024-03-06 14:00:30,892:WARNING:
'cuml' is a soft dependency and not included in the pycaret installation. Please run: `pip install cuml` to install.
2024-03-06 14:00:30,916:WARNING:
'cuml' is a soft dependency and not included in the pycaret installation. Please run: `pip install cuml` to install.
2024-03-06 14:00:30,917:WARNING:
'cuml' is a soft dependency and not included in the pycaret installation. Please run: `pip install cuml` to install.
2024-03-06 14:00:30,917:WARNING:
'cuml' is a soft dependency and not included in the pycaret installation. Please run: `pip install cuml` to install.
2024-03-06 14:08:51,787:WARNING:
'cuml' is a soft dependency and not included in the pycaret installation. Please run: `pip install cuml` to install.
2024-03-06 14:08:51,805:WARNING:
'cuml' is a soft dependency and not included in the pycaret installation. Please run: `pip install cuml` to install.
2024-03-06 14:08:51,805:WARNING:
'cuml' is a soft dependency and not included in the pycaret installation. Please run: `pip install cuml` to install.
2024-03-06 14:08:51,805:WARNING:
'cuml' is a soft dependency and not included in the pycaret installation. Please run: `pip install cuml` to install.
2024-03-06 14:14:04,765:WARNING:
'cuml' is a soft dependency and not included in the pycaret installation. Please run: `pip install cuml` to install.
2024-03-06 14:14:05,360:WARNING:
'cuml' is a soft dependency and not included in the pycaret installation. Please run: `pip install cuml` to install.
2024-03-06 14:14:05,360:WARNING:
'cuml' is a soft dependency and not included in the pycaret installation. Please run: `pip install cuml` to install.
2024-03-06 14:14:05,361:WARNING:
'cuml' is a soft dependency and not included in the pycaret installation. Please run: `pip install cuml` to install.
2024-03-06 14:20:56,455:WARNING:
'cuml' is a soft dependency and not included in the pycaret installation. Please run: `pip install cuml` to install.
2024-03-06 14:20:56,481:WARNING:
'cuml' is a soft dependency and not included in the pycaret installation. Please run: `pip install cuml` to install.
2024-03-06 14:20:56,481:WARNING:
'cuml' is a soft dependency and not included in the pycaret installation. Please run: `pip install cuml` to install.
2024-03-06 14:20:56,481:WARNING:
'cuml' is a soft dependency and not included in the pycaret installation. Please run: `pip install cuml` to install.
2024-03-06 14:24:34,784:WARNING:
'cuml' is a soft dependency and not included in the pycaret installation. Please run: `pip install cuml` to install.
2024-03-06 14:24:34,784:WARNING:
'cuml' is a soft dependency and not included in the pycaret installation. Please run: `pip install cuml` to install.
2024-03-06 14:24:34,785:WARNING:
'cuml' is a soft dependency and not included in the pycaret installation. Please run: `pip install cuml` to install.
2024-03-06 14:24:34,785:WARNING:
'cuml' is a soft dependency and not included in the pycaret installation. Please run: `pip install cuml` to install.
2024-03-06 14:28:49,023:WARNING:
'cuml' is a soft dependency and not included in the pycaret installation. Please run: `pip install cuml` to install.
2024-03-06 14:28:49,047:WARNING:
'cuml' is a soft dependency and not included in the pycaret installation. Please run: `pip install cuml` to install.
2024-03-06 14:28:49,047:WARNING:
'cuml' is a soft dependency and not included in the pycaret installation. Please run: `pip install cuml` to install.
2024-03-06 14:28:49,047:WARNING:
'cuml' is a soft dependency and not included in the pycaret installation. Please run: `pip install cuml` to install.
2024-03-06 14:29:02,492:INFO:Initializing load_model()
2024-03-06 14:29:02,493:INFO:load_model(model_name=demo/myapp/my_best_pipeline, platform=None, authentication=None, verbose=True)
2024-03-06 14:31:45,544:WARNING:
'cuml' is a soft dependency and not included in the pycaret installation. Please run: `pip install cuml` to install.
2024-03-06 14:31:45,545:WARNING:
'cuml' is a soft dependency and not included in the pycaret installation. Please run: `pip install cuml` to install.
2024-03-06 14:31:45,545:WARNING:
'cuml' is a soft dependency and not included in the pycaret installation. Please run: `pip install cuml` to install.
2024-03-06 14:31:45,545:WARNING:
'cuml' is a soft dependency and not included in the pycaret installation. Please run: `pip install cuml` to install.
2024-03-06 14:31:47,933:INFO:Initializing load_model()
2024-03-06 14:31:47,933:INFO:load_model(model_name=demo/myapp/my_best_pipeline, platform=None, authentication=None, verbose=True)
2024-03-06 14:31:57,424:INFO:Initializing load_model()
2024-03-06 14:31:57,424:INFO:load_model(model_name=demo/myapp/my_best_pipeline, platform=None, authentication=None, verbose=True)
2024-03-06 14:33:15,404:INFO:Initializing load_model()
2024-03-06 14:33:15,405:INFO:load_model(model_name=demo/myapp/my_best_pipeline, platform=None, authentication=None, verbose=True)
2024-03-06 17:28:26,424:WARNING:
'cuml' is a soft dependency and not included in the pycaret installation. Please run: `pip install cuml` to install.
2024-03-06 17:28:26,444:WARNING:
'cuml' is a soft dependency and not included in the pycaret installation. Please run: `pip install cuml` to install.
2024-03-06 17:28:26,444:WARNING:
'cuml' is a soft dependency and not included in the pycaret installation. Please run: `pip install cuml` to install.
2024-03-06 17:28:26,444:WARNING:
'cuml' is a soft dependency and not included in the pycaret installation. Please run: `pip install cuml` to install.
2024-03-06 17:29:56,812:INFO:Initializing load_model()
2024-03-06 17:29:56,813:INFO:load_model(model_name=demo/myapp/my_best_pipeline, platform=None, authentication=None, verbose=True)
2024-03-06 17:33:01,089:WARNING:
'cuml' is a soft dependency and not included in the pycaret installation. Please run: `pip install cuml` to install.
2024-03-06 17:33:01,089:WARNING:
'cuml' is a soft dependency and not included in the pycaret installation. Please run: `pip install cuml` to install.
2024-03-06 17:33:01,089:WARNING:
'cuml' is a soft dependency and not included in the pycaret installation. Please run: `pip install cuml` to install.
2024-03-06 17:33:01,089:WARNING:
'cuml' is a soft dependency and not included in the pycaret installation. Please run: `pip install cuml` to install.
2024-03-06 17:33:46,178:INFO:Initializing load_model()
2024-03-06 17:33:46,179:INFO:load_model(model_name=demo/my_best_pipeline.pkl, platform=None, authentication=None, verbose=True)
2024-03-06 17:34:04,122:WARNING:
'cuml' is a soft dependency and not included in the pycaret installation. Please run: `pip install cuml` to install.
2024-03-06 17:34:04,122:WARNING:
'cuml' is a soft dependency and not included in the pycaret installation. Please run: `pip install cuml` to install.
2024-03-06 17:34:04,122:WARNING:
'cuml' is a soft dependency and not included in the pycaret installation. Please run: `pip install cuml` to install.
2024-03-06 17:34:04,122:WARNING:
'cuml' is a soft dependency and not included in the pycaret installation. Please run: `pip install cuml` to install.
2024-03-06 17:34:12,847:INFO:Initializing load_model()
2024-03-06 17:34:12,848:INFO:load_model(model_name=demo/my_best_pipeline, platform=None, authentication=None, verbose=True)
2024-03-06 17:34:25,327:WARNING:
'cuml' is a soft dependency and not included in the pycaret installation. Please run: `pip install cuml` to install.
2024-03-06 17:34:25,327:WARNING:
'cuml' is a soft dependency and not included in the pycaret installation. Please run: `pip install cuml` to install.
2024-03-06 17:34:25,327:WARNING:
'cuml' is a soft dependency and not included in the pycaret installation. Please run: `pip install cuml` to install.
2024-03-06 17:34:25,327:WARNING:
'cuml' is a soft dependency and not included in the pycaret installation. Please run: `pip install cuml` to install.
2024-03-06 17:34:29,375:INFO:Initializing load_model()
2024-03-06 17:34:29,375:INFO:load_model(model_name=my_best_pipeline, platform=None, authentication=None, verbose=True)
2024-03-06 17:34:29,965:WARNING:C:\Users\YAS\AppData\Local\Packages\PythonSoftwareFoundation.Python.3.11_qbz5n2kfra8p0\LocalCache\local-packages\Python311\site-packages\pycaret\internal\pipeline.py:146: UserWarning: Version mismatch:
current: {'deps_info': {'pip': '24.0', 'setuptools': '65.5.0', 'pycaret': '3.3.0', 'IPython': '8.22.2', 'ipywidgets': '8.1.2', 'tqdm': '4.66.2', 'numpy': '1.24.3', 'pandas': '2.0.1', 'jinja2': '3.1.2', 'scipy': '1.11.4', 'joblib': '1.3.2', 'sklearn': '1.4.1.post1', 'pyod': '1.1.3', 'imblearn': '0.12.0', 'category_encoders': '2.6.3', 'lightgbm': '4.3.0', 'numba': '0.59.0', 'requests': '2.31.0', 'matplotlib': '3.7.5', 'scikitplot': '0.3.7', 'yellowbrick': '1.5', 'plotly': '5.19.0', 'plotly-resampler': 'Not installed', 'kaleido': '0.2.1', 'schemdraw': '0.15', 'statsmodels': '0.14.1', 'sktime': '0.27.0', 'tbats': '1.1.3', 'pmdarima': '2.0.4', 'psutil': '5.9.8', 'markupsafe': '2.1.3', 'pickle5': 'Not installed', 'cloudpickle': '3.0.0', 'deprecation': '2.1.0', 'xxhash': '3.4.1', 'wurlitzer': 'Not installed'}, 'python': {'version': '3.11.8', 'machine': 'AMD64'}}
pickle: {'deps_info': {'pip': '23.1.2', 'setuptools': '67.7.2', 'pycaret': '3.3.0', 'IPython': '7.34.0', 'ipywidgets': '7.7.1', 'tqdm': '4.66.2', 'numpy': '1.25.2', 'pandas': '1.5.3', 'jinja2': '3.1.3', 'scipy': '1.11.4', 'joblib': '1.3.2', 'sklearn': '1.4.1.post1', 'pyod': '1.1.3', 'imblearn': '0.12.0', 'category_encoders': '2.6.3', 'lightgbm': '4.1.0', 'numba': '0.58.1', 'requests': '2.31.0', 'matplotlib': '3.7.1', 'scikitplot': '0.3.7', 'yellowbrick': '1.5', 'plotly': '5.15.0', 'plotly-resampler': 'Not installed', 'kaleido': '0.2.1', 'schemdraw': '0.15', 'statsmodels': '0.14.1', 'sktime': '0.27.0', 'tbats': '1.1.3', 'pmdarima': '2.0.4', 'psutil': '5.9.5', 'markupsafe': '2.1.5', 'pickle5': 'Not installed', 'cloudpickle': '2.2.1', 'deprecation': '2.1.0', 'xxhash': '3.4.1', 'wurlitzer': '3.0.3'}, 'python': {'version': '3.10.12', 'machine': 'x86_64'}}
  warnings.warn(

2024-03-06 17:34:30,018:INFO:Initializing predict_model()
2024-03-06 17:34:30,019:INFO:predict_model(self=<pycaret.classification.oop.ClassificationExperiment object at 0x0000021B920AD3D0>, estimator=Pipeline(memory=Memory(location=None),
         steps=[('numerical_imputer',
                 TransformerWrapper(include=['age', 'sex', 'cp', 'trestbps',
                                             'chol', 'fbs', 'restecg',
                                             'thalach', 'exang', 'oldpeak',
                                             'slope', 'ca', 'thal',
                                             'total_risk',
                                             'cholesterol_hdl_ratio'],
                                    transformer=SimpleImputer())),
                ('categorical_imputer',
                 TransformerWrapper(include=[],
                                    transformer=SimpleImputer(strategy='most_frequent'))),
                ('trained_model',
                 LogisticRegression(max_iter=1000, random_state=122))]), probability_threshold=None, encoded_labels=False, raw_score=False, round=4, verbose=True, ml_usecase=None, preprocess=True, encode_labels=<function _SupervisedExperiment.predict_model.<locals>.encode_labels at 0x0000021B91897D80>)
2024-03-06 17:34:30,019:INFO:Checking exceptions
2024-03-06 17:34:30,019:INFO:Preloading libraries
2024-03-06 17:34:30,019:INFO:Set up data.
2024-03-06 17:34:30,030:INFO:Set up index.
2024-03-06 17:55:52,808:WARNING:
'cuml' is a soft dependency and not included in the pycaret installation. Please run: `pip install cuml` to install.
2024-03-06 17:55:52,808:WARNING:
'cuml' is a soft dependency and not included in the pycaret installation. Please run: `pip install cuml` to install.
2024-03-06 17:55:52,808:WARNING:
'cuml' is a soft dependency and not included in the pycaret installation. Please run: `pip install cuml` to install.
2024-03-06 17:55:52,808:WARNING:
'cuml' is a soft dependency and not included in the pycaret installation. Please run: `pip install cuml` to install.
2024-03-06 17:58:36,545:WARNING:
'cuml' is a soft dependency and not included in the pycaret installation. Please run: `pip install cuml` to install.
2024-03-06 17:58:36,545:WARNING:
'cuml' is a soft dependency and not included in the pycaret installation. Please run: `pip install cuml` to install.
2024-03-06 17:58:36,545:WARNING:
'cuml' is a soft dependency and not included in the pycaret installation. Please run: `pip install cuml` to install.
2024-03-06 17:58:36,545:WARNING:
'cuml' is a soft dependency and not included in the pycaret installation. Please run: `pip install cuml` to install.
2024-03-06 18:00:19,895:INFO:Initializing load_model()
2024-03-06 18:00:19,896:INFO:load_model(model_name=my_best_pipeline, platform=None, authentication=None, verbose=True)
2024-03-06 18:00:19,905:WARNING:C:\Users\YAS\AppData\Local\Packages\PythonSoftwareFoundation.Python.3.11_qbz5n2kfra8p0\LocalCache\local-packages\Python311\site-packages\pycaret\internal\pipeline.py:146: UserWarning: Version mismatch:
current: {'deps_info': {'pip': '24.0', 'setuptools': '65.5.0', 'pycaret': '3.3.0', 'IPython': '8.22.2', 'ipywidgets': '8.1.2', 'tqdm': '4.66.2', 'numpy': '1.24.3', 'pandas': '2.0.1', 'jinja2': '3.1.2', 'scipy': '1.11.4', 'joblib': '1.3.2', 'sklearn': '1.4.1.post1', 'pyod': '1.1.3', 'imblearn': '0.12.0', 'category_encoders': '2.6.3', 'lightgbm': '4.3.0', 'numba': '0.59.0', 'requests': '2.31.0', 'matplotlib': '3.7.5', 'scikitplot': '0.3.7', 'yellowbrick': '1.5', 'plotly': '5.19.0', 'plotly-resampler': 'Not installed', 'kaleido': '0.2.1', 'schemdraw': '0.15', 'statsmodels': '0.14.1', 'sktime': '0.27.0', 'tbats': '1.1.3', 'pmdarima': '2.0.4', 'psutil': '5.9.8', 'markupsafe': '2.1.3', 'pickle5': 'Not installed', 'cloudpickle': '3.0.0', 'deprecation': '2.1.0', 'xxhash': '3.4.1', 'wurlitzer': 'Not installed'}, 'python': {'version': '3.11.8', 'machine': 'AMD64'}}
pickle: {'deps_info': {'pip': '23.1.2', 'setuptools': '67.7.2', 'pycaret': '3.3.0', 'IPython': '7.34.0', 'ipywidgets': '7.7.1', 'tqdm': '4.66.2', 'numpy': '1.25.2', 'pandas': '1.5.3', 'jinja2': '3.1.3', 'scipy': '1.11.4', 'joblib': '1.3.2', 'sklearn': '1.4.1.post1', 'pyod': '1.1.3', 'imblearn': '0.12.0', 'category_encoders': '2.6.3', 'lightgbm': '4.1.0', 'numba': '0.58.1', 'requests': '2.31.0', 'matplotlib': '3.7.1', 'scikitplot': '0.3.7', 'yellowbrick': '1.5', 'plotly': '5.15.0', 'plotly-resampler': 'Not installed', 'kaleido': '0.2.1', 'schemdraw': '0.15', 'statsmodels': '0.14.1', 'sktime': '0.27.0', 'tbats': '1.1.3', 'pmdarima': '2.0.4', 'psutil': '5.9.5', 'markupsafe': '2.1.5', 'pickle5': 'Not installed', 'cloudpickle': '2.2.1', 'deprecation': '2.1.0', 'xxhash': '3.4.1', 'wurlitzer': '3.0.3'}, 'python': {'version': '3.10.12', 'machine': 'x86_64'}}
  warnings.warn(

2024-03-06 18:00:19,916:INFO:Initializing predict_model()
2024-03-06 18:00:19,916:INFO:predict_model(self=<pycaret.classification.oop.ClassificationExperiment object at 0x0000021008B6C890>, estimator=Pipeline(memory=Memory(location=None),
         steps=[('numerical_imputer',
                 TransformerWrapper(include=['age', 'sex', 'cp', 'trestbps',
                                             'chol', 'fbs', 'restecg',
                                             'thalach', 'exang', 'oldpeak',
                                             'slope', 'ca', 'thal',
                                             'total_risk',
                                             'cholesterol_hdl_ratio'],
                                    transformer=SimpleImputer())),
                ('categorical_imputer',
                 TransformerWrapper(include=[],
                                    transformer=SimpleImputer(strategy='most_frequent'))),
                ('trained_model',
                 LogisticRegression(max_iter=1000, random_state=122))]), probability_threshold=None, encoded_labels=False, raw_score=False, round=4, verbose=True, ml_usecase=None, preprocess=True, encode_labels=<function _SupervisedExperiment.predict_model.<locals>.encode_labels at 0x000002100D395620>)
2024-03-06 18:00:19,916:INFO:Checking exceptions
2024-03-06 18:00:19,916:INFO:Preloading libraries
2024-03-06 18:00:19,916:INFO:Set up data.
2024-03-06 18:00:19,925:INFO:Set up index.
2024-03-06 18:02:34,018:WARNING:
'cuml' is a soft dependency and not included in the pycaret installation. Please run: `pip install cuml` to install.
2024-03-06 18:02:34,018:WARNING:
'cuml' is a soft dependency and not included in the pycaret installation. Please run: `pip install cuml` to install.
2024-03-06 18:02:34,018:WARNING:
'cuml' is a soft dependency and not included in the pycaret installation. Please run: `pip install cuml` to install.
2024-03-06 18:02:34,018:WARNING:
'cuml' is a soft dependency and not included in the pycaret installation. Please run: `pip install cuml` to install.
2024-03-06 18:02:41,528:INFO:Initializing load_model()
2024-03-06 18:02:41,528:INFO:load_model(model_name=my_best_pipeline, platform=None, authentication=None, verbose=True)
2024-03-06 18:02:41,537:WARNING:C:\Users\YAS\AppData\Local\Packages\PythonSoftwareFoundation.Python.3.11_qbz5n2kfra8p0\LocalCache\local-packages\Python311\site-packages\pycaret\internal\pipeline.py:146: UserWarning: Version mismatch:
current: {'deps_info': {'pip': '24.0', 'setuptools': '65.5.0', 'pycaret': '3.3.0', 'IPython': '8.22.2', 'ipywidgets': '8.1.2', 'tqdm': '4.66.2', 'numpy': '1.24.3', 'pandas': '2.0.1', 'jinja2': '3.1.2', 'scipy': '1.11.4', 'joblib': '1.3.2', 'sklearn': '1.4.1.post1', 'pyod': '1.1.3', 'imblearn': '0.12.0', 'category_encoders': '2.6.3', 'lightgbm': '4.3.0', 'numba': '0.59.0', 'requests': '2.31.0', 'matplotlib': '3.7.5', 'scikitplot': '0.3.7', 'yellowbrick': '1.5', 'plotly': '5.19.0', 'plotly-resampler': 'Not installed', 'kaleido': '0.2.1', 'schemdraw': '0.15', 'statsmodels': '0.14.1', 'sktime': '0.27.0', 'tbats': '1.1.3', 'pmdarima': '2.0.4', 'psutil': '5.9.8', 'markupsafe': '2.1.3', 'pickle5': 'Not installed', 'cloudpickle': '3.0.0', 'deprecation': '2.1.0', 'xxhash': '3.4.1', 'wurlitzer': 'Not installed'}, 'python': {'version': '3.11.8', 'machine': 'AMD64'}}
pickle: {'deps_info': {'pip': '23.1.2', 'setuptools': '67.7.2', 'pycaret': '3.3.0', 'IPython': '7.34.0', 'ipywidgets': '7.7.1', 'tqdm': '4.66.2', 'numpy': '1.25.2', 'pandas': '1.5.3', 'jinja2': '3.1.3', 'scipy': '1.11.4', 'joblib': '1.3.2', 'sklearn': '1.4.1.post1', 'pyod': '1.1.3', 'imblearn': '0.12.0', 'category_encoders': '2.6.3', 'lightgbm': '4.1.0', 'numba': '0.58.1', 'requests': '2.31.0', 'matplotlib': '3.7.1', 'scikitplot': '0.3.7', 'yellowbrick': '1.5', 'plotly': '5.15.0', 'plotly-resampler': 'Not installed', 'kaleido': '0.2.1', 'schemdraw': '0.15', 'statsmodels': '0.14.1', 'sktime': '0.27.0', 'tbats': '1.1.3', 'pmdarima': '2.0.4', 'psutil': '5.9.5', 'markupsafe': '2.1.5', 'pickle5': 'Not installed', 'cloudpickle': '2.2.1', 'deprecation': '2.1.0', 'xxhash': '3.4.1', 'wurlitzer': '3.0.3'}, 'python': {'version': '3.10.12', 'machine': 'x86_64'}}
  warnings.warn(

2024-03-06 18:02:41,549:INFO:Initializing predict_model()
2024-03-06 18:02:41,549:INFO:predict_model(self=<pycaret.classification.oop.ClassificationExperiment object at 0x000002176F54D5D0>, estimator=Pipeline(memory=Memory(location=None),
         steps=[('numerical_imputer',
                 TransformerWrapper(include=['age', 'sex', 'cp', 'trestbps',
                                             'chol', 'fbs', 'restecg',
                                             'thalach', 'exang', 'oldpeak',
                                             'slope', 'ca', 'thal',
                                             'total_risk',
                                             'cholesterol_hdl_ratio'],
                                    transformer=SimpleImputer())),
                ('categorical_imputer',
                 TransformerWrapper(include=[],
                                    transformer=SimpleImputer(strategy='most_frequent'))),
                ('trained_model',
                 LogisticRegression(max_iter=1000, random_state=122))]), probability_threshold=None, encoded_labels=False, raw_score=False, round=4, verbose=True, ml_usecase=None, preprocess=True, encode_labels=<function _SupervisedExperiment.predict_model.<locals>.encode_labels at 0x000002176F81DBC0>)
2024-03-06 18:02:41,549:INFO:Checking exceptions
2024-03-06 18:02:41,549:INFO:Preloading libraries
2024-03-06 18:02:41,549:INFO:Set up data.
2024-03-06 18:02:41,558:INFO:Set up index.
2024-03-06 18:04:44,690:WARNING:
'cuml' is a soft dependency and not included in the pycaret installation. Please run: `pip install cuml` to install.
2024-03-06 18:04:44,690:WARNING:
'cuml' is a soft dependency and not included in the pycaret installation. Please run: `pip install cuml` to install.
2024-03-06 18:04:44,690:WARNING:
'cuml' is a soft dependency and not included in the pycaret installation. Please run: `pip install cuml` to install.
2024-03-06 18:04:44,691:WARNING:
'cuml' is a soft dependency and not included in the pycaret installation. Please run: `pip install cuml` to install.
2024-03-06 18:04:51,711:INFO:Initializing load_model()
2024-03-06 18:04:51,711:INFO:load_model(model_name=my_best_pipeline, platform=None, authentication=None, verbose=True)
2024-03-06 18:04:51,722:WARNING:C:\Users\YAS\AppData\Local\Packages\PythonSoftwareFoundation.Python.3.11_qbz5n2kfra8p0\LocalCache\local-packages\Python311\site-packages\pycaret\internal\pipeline.py:146: UserWarning: Version mismatch:
current: {'deps_info': {'pip': '24.0', 'setuptools': '65.5.0', 'pycaret': '3.3.0', 'IPython': '8.22.2', 'ipywidgets': '8.1.2', 'tqdm': '4.66.2', 'numpy': '1.24.3', 'pandas': '2.0.1', 'jinja2': '3.1.2', 'scipy': '1.11.4', 'joblib': '1.3.2', 'sklearn': '1.4.1.post1', 'pyod': '1.1.3', 'imblearn': '0.12.0', 'category_encoders': '2.6.3', 'lightgbm': '4.3.0', 'numba': '0.59.0', 'requests': '2.31.0', 'matplotlib': '3.7.5', 'scikitplot': '0.3.7', 'yellowbrick': '1.5', 'plotly': '5.19.0', 'plotly-resampler': 'Not installed', 'kaleido': '0.2.1', 'schemdraw': '0.15', 'statsmodels': '0.14.1', 'sktime': '0.27.0', 'tbats': '1.1.3', 'pmdarima': '2.0.4', 'psutil': '5.9.8', 'markupsafe': '2.1.3', 'pickle5': 'Not installed', 'cloudpickle': '3.0.0', 'deprecation': '2.1.0', 'xxhash': '3.4.1', 'wurlitzer': 'Not installed'}, 'python': {'version': '3.11.8', 'machine': 'AMD64'}}
pickle: {'deps_info': {'pip': '23.1.2', 'setuptools': '67.7.2', 'pycaret': '3.3.0', 'IPython': '7.34.0', 'ipywidgets': '7.7.1', 'tqdm': '4.66.2', 'numpy': '1.25.2', 'pandas': '1.5.3', 'jinja2': '3.1.3', 'scipy': '1.11.4', 'joblib': '1.3.2', 'sklearn': '1.4.1.post1', 'pyod': '1.1.3', 'imblearn': '0.12.0', 'category_encoders': '2.6.3', 'lightgbm': '4.1.0', 'numba': '0.58.1', 'requests': '2.31.0', 'matplotlib': '3.7.1', 'scikitplot': '0.3.7', 'yellowbrick': '1.5', 'plotly': '5.15.0', 'plotly-resampler': 'Not installed', 'kaleido': '0.2.1', 'schemdraw': '0.15', 'statsmodels': '0.14.1', 'sktime': '0.27.0', 'tbats': '1.1.3', 'pmdarima': '2.0.4', 'psutil': '5.9.5', 'markupsafe': '2.1.5', 'pickle5': 'Not installed', 'cloudpickle': '2.2.1', 'deprecation': '2.1.0', 'xxhash': '3.4.1', 'wurlitzer': '3.0.3'}, 'python': {'version': '3.10.12', 'machine': 'x86_64'}}
  warnings.warn(

2024-03-06 18:04:51,733:INFO:Initializing predict_model()
2024-03-06 18:04:51,733:INFO:predict_model(self=<pycaret.classification.oop.ClassificationExperiment object at 0x000001F68BFCD910>, estimator=Pipeline(memory=Memory(location=None),
         steps=[('numerical_imputer',
                 TransformerWrapper(include=['age', 'sex', 'cp', 'trestbps',
                                             'chol', 'fbs', 'restecg',
                                             'thalach', 'exang', 'oldpeak',
                                             'slope', 'ca', 'thal',
                                             'total_risk',
                                             'cholesterol_hdl_ratio'],
                                    transformer=SimpleImputer())),
                ('categorical_imputer',
                 TransformerWrapper(include=[],
                                    transformer=SimpleImputer(strategy='most_frequent'))),
                ('trained_model',
                 LogisticRegression(max_iter=1000, random_state=122))]), probability_threshold=None, encoded_labels=False, raw_score=False, round=4, verbose=True, ml_usecase=None, preprocess=True, encode_labels=<function _SupervisedExperiment.predict_model.<locals>.encode_labels at 0x000001F68C697CE0>)
2024-03-06 18:04:51,733:INFO:Checking exceptions
2024-03-06 18:04:51,734:INFO:Preloading libraries
2024-03-06 18:04:51,734:INFO:Set up data.
2024-03-06 18:04:51,745:INFO:Set up index.
2024-03-06 18:04:51,912:WARNING:D:\MyData\Salma\uni\years\Senior-2\Spring 2024\CSE492 Graduation Project (2)\django\my leaf classification demo\demo\myapp\views.py:106: FutureWarning: Calling int on a single element Series is deprecated and will raise a TypeError in the future. Use int(ser.iloc[0]) instead
  if int(user_output['prediction_label']) == 0:

2024-03-06 18:08:13,848:WARNING:
'cuml' is a soft dependency and not included in the pycaret installation. Please run: `pip install cuml` to install.
2024-03-06 18:08:13,848:WARNING:
'cuml' is a soft dependency and not included in the pycaret installation. Please run: `pip install cuml` to install.
2024-03-06 18:08:13,848:WARNING:
'cuml' is a soft dependency and not included in the pycaret installation. Please run: `pip install cuml` to install.
2024-03-06 18:08:13,848:WARNING:
'cuml' is a soft dependency and not included in the pycaret installation. Please run: `pip install cuml` to install.
2024-03-06 18:08:20,017:INFO:Initializing load_model()
2024-03-06 18:08:20,017:INFO:load_model(model_name=my_best_pipeline, platform=None, authentication=None, verbose=True)
2024-03-06 18:08:20,024:WARNING:C:\Users\YAS\AppData\Local\Packages\PythonSoftwareFoundation.Python.3.11_qbz5n2kfra8p0\LocalCache\local-packages\Python311\site-packages\pycaret\internal\pipeline.py:146: UserWarning: Version mismatch:
current: {'deps_info': {'pip': '24.0', 'setuptools': '65.5.0', 'pycaret': '3.3.0', 'IPython': '8.22.2', 'ipywidgets': '8.1.2', 'tqdm': '4.66.2', 'numpy': '1.24.3', 'pandas': '2.0.1', 'jinja2': '3.1.2', 'scipy': '1.11.4', 'joblib': '1.3.2', 'sklearn': '1.4.1.post1', 'pyod': '1.1.3', 'imblearn': '0.12.0', 'category_encoders': '2.6.3', 'lightgbm': '4.3.0', 'numba': '0.59.0', 'requests': '2.31.0', 'matplotlib': '3.7.5', 'scikitplot': '0.3.7', 'yellowbrick': '1.5', 'plotly': '5.19.0', 'plotly-resampler': 'Not installed', 'kaleido': '0.2.1', 'schemdraw': '0.15', 'statsmodels': '0.14.1', 'sktime': '0.27.0', 'tbats': '1.1.3', 'pmdarima': '2.0.4', 'psutil': '5.9.8', 'markupsafe': '2.1.3', 'pickle5': 'Not installed', 'cloudpickle': '3.0.0', 'deprecation': '2.1.0', 'xxhash': '3.4.1', 'wurlitzer': 'Not installed'}, 'python': {'version': '3.11.8', 'machine': 'AMD64'}}
pickle: {'deps_info': {'pip': '23.1.2', 'setuptools': '67.7.2', 'pycaret': '3.3.0', 'IPython': '7.34.0', 'ipywidgets': '7.7.1', 'tqdm': '4.66.2', 'numpy': '1.25.2', 'pandas': '1.5.3', 'jinja2': '3.1.3', 'scipy': '1.11.4', 'joblib': '1.3.2', 'sklearn': '1.4.1.post1', 'pyod': '1.1.3', 'imblearn': '0.12.0', 'category_encoders': '2.6.3', 'lightgbm': '4.1.0', 'numba': '0.58.1', 'requests': '2.31.0', 'matplotlib': '3.7.1', 'scikitplot': '0.3.7', 'yellowbrick': '1.5', 'plotly': '5.15.0', 'plotly-resampler': 'Not installed', 'kaleido': '0.2.1', 'schemdraw': '0.15', 'statsmodels': '0.14.1', 'sktime': '0.27.0', 'tbats': '1.1.3', 'pmdarima': '2.0.4', 'psutil': '5.9.5', 'markupsafe': '2.1.5', 'pickle5': 'Not installed', 'cloudpickle': '2.2.1', 'deprecation': '2.1.0', 'xxhash': '3.4.1', 'wurlitzer': '3.0.3'}, 'python': {'version': '3.10.12', 'machine': 'x86_64'}}
  warnings.warn(

2024-03-06 18:08:20,034:INFO:Initializing predict_model()
2024-03-06 18:08:20,034:INFO:predict_model(self=<pycaret.classification.oop.ClassificationExperiment object at 0x000001A88A7A9210>, estimator=Pipeline(memory=Memory(location=None),
         steps=[('numerical_imputer',
                 TransformerWrapper(include=['age', 'sex', 'cp', 'trestbps',
                                             'chol', 'fbs', 'restecg',
                                             'thalach', 'exang', 'oldpeak',
                                             'slope', 'ca', 'thal',
                                             'total_risk',
                                             'cholesterol_hdl_ratio'],
                                    transformer=SimpleImputer())),
                ('categorical_imputer',
                 TransformerWrapper(include=[],
                                    transformer=SimpleImputer(strategy='most_frequent'))),
                ('trained_model',
                 LogisticRegression(max_iter=1000, random_state=122))]), probability_threshold=None, encoded_labels=False, raw_score=False, round=4, verbose=True, ml_usecase=None, preprocess=True, encode_labels=<function _SupervisedExperiment.predict_model.<locals>.encode_labels at 0x000001A88AE9BCE0>)
2024-03-06 18:08:20,035:INFO:Checking exceptions
2024-03-06 18:08:20,035:INFO:Preloading libraries
2024-03-06 18:08:20,035:INFO:Set up data.
2024-03-06 18:08:20,042:INFO:Set up index.
2024-03-06 18:08:20,182:WARNING:D:\MyData\Salma\uni\years\Senior-2\Spring 2024\CSE492 Graduation Project (2)\django\my leaf classification demo\demo\myapp\views.py:106: FutureWarning: Calling int on a single element Series is deprecated and will raise a TypeError in the future. Use int(ser.iloc[0]) instead
  if int(user_output['prediction_label']) == 0:

2024-03-06 18:11:10,824:WARNING:
'cuml' is a soft dependency and not included in the pycaret installation. Please run: `pip install cuml` to install.
2024-03-06 18:11:10,824:WARNING:
'cuml' is a soft dependency and not included in the pycaret installation. Please run: `pip install cuml` to install.
2024-03-06 18:11:10,824:WARNING:
'cuml' is a soft dependency and not included in the pycaret installation. Please run: `pip install cuml` to install.
2024-03-06 18:11:10,824:WARNING:
'cuml' is a soft dependency and not included in the pycaret installation. Please run: `pip install cuml` to install.
2024-03-06 18:11:24,146:INFO:Initializing load_model()
2024-03-06 18:11:24,146:INFO:load_model(model_name=my_best_pipeline, platform=None, authentication=None, verbose=True)
2024-03-06 18:11:24,155:WARNING:C:\Users\YAS\AppData\Local\Packages\PythonSoftwareFoundation.Python.3.11_qbz5n2kfra8p0\LocalCache\local-packages\Python311\site-packages\pycaret\internal\pipeline.py:146: UserWarning: Version mismatch:
current: {'deps_info': {'pip': '24.0', 'setuptools': '65.5.0', 'pycaret': '3.3.0', 'IPython': '8.22.2', 'ipywidgets': '8.1.2', 'tqdm': '4.66.2', 'numpy': '1.24.3', 'pandas': '2.0.1', 'jinja2': '3.1.2', 'scipy': '1.11.4', 'joblib': '1.3.2', 'sklearn': '1.4.1.post1', 'pyod': '1.1.3', 'imblearn': '0.12.0', 'category_encoders': '2.6.3', 'lightgbm': '4.3.0', 'numba': '0.59.0', 'requests': '2.31.0', 'matplotlib': '3.7.5', 'scikitplot': '0.3.7', 'yellowbrick': '1.5', 'plotly': '5.19.0', 'plotly-resampler': 'Not installed', 'kaleido': '0.2.1', 'schemdraw': '0.15', 'statsmodels': '0.14.1', 'sktime': '0.27.0', 'tbats': '1.1.3', 'pmdarima': '2.0.4', 'psutil': '5.9.8', 'markupsafe': '2.1.3', 'pickle5': 'Not installed', 'cloudpickle': '3.0.0', 'deprecation': '2.1.0', 'xxhash': '3.4.1', 'wurlitzer': 'Not installed'}, 'python': {'version': '3.11.8', 'machine': 'AMD64'}}
pickle: {'deps_info': {'pip': '23.1.2', 'setuptools': '67.7.2', 'pycaret': '3.3.0', 'IPython': '7.34.0', 'ipywidgets': '7.7.1', 'tqdm': '4.66.2', 'numpy': '1.25.2', 'pandas': '1.5.3', 'jinja2': '3.1.3', 'scipy': '1.11.4', 'joblib': '1.3.2', 'sklearn': '1.4.1.post1', 'pyod': '1.1.3', 'imblearn': '0.12.0', 'category_encoders': '2.6.3', 'lightgbm': '4.1.0', 'numba': '0.58.1', 'requests': '2.31.0', 'matplotlib': '3.7.1', 'scikitplot': '0.3.7', 'yellowbrick': '1.5', 'plotly': '5.15.0', 'plotly-resampler': 'Not installed', 'kaleido': '0.2.1', 'schemdraw': '0.15', 'statsmodels': '0.14.1', 'sktime': '0.27.0', 'tbats': '1.1.3', 'pmdarima': '2.0.4', 'psutil': '5.9.5', 'markupsafe': '2.1.5', 'pickle5': 'Not installed', 'cloudpickle': '2.2.1', 'deprecation': '2.1.0', 'xxhash': '3.4.1', 'wurlitzer': '3.0.3'}, 'python': {'version': '3.10.12', 'machine': 'x86_64'}}
  warnings.warn(

2024-03-06 18:11:24,163:INFO:Initializing predict_model()
2024-03-06 18:11:24,163:INFO:predict_model(self=<pycaret.classification.oop.ClassificationExperiment object at 0x00000140CF8BACD0>, estimator=Pipeline(memory=Memory(location=None),
         steps=[('numerical_imputer',
                 TransformerWrapper(include=['age', 'sex', 'cp', 'trestbps',
                                             'chol', 'fbs', 'restecg',
                                             'thalach', 'exang', 'oldpeak',
                                             'slope', 'ca', 'thal',
                                             'total_risk',
                                             'cholesterol_hdl_ratio'],
                                    transformer=SimpleImputer())),
                ('categorical_imputer',
                 TransformerWrapper(include=[],
                                    transformer=SimpleImputer(strategy='most_frequent'))),
                ('trained_model',
                 LogisticRegression(max_iter=1000, random_state=122))]), probability_threshold=None, encoded_labels=False, raw_score=False, round=4, verbose=True, ml_usecase=None, preprocess=True, encode_labels=<function _SupervisedExperiment.predict_model.<locals>.encode_labels at 0x00000140CFD44220>)
2024-03-06 18:11:24,163:INFO:Checking exceptions
2024-03-06 18:11:24,163:INFO:Preloading libraries
2024-03-06 18:11:24,164:INFO:Set up data.
2024-03-06 18:11:24,171:INFO:Set up index.
2024-03-06 18:11:51,793:WARNING:
'cuml' is a soft dependency and not included in the pycaret installation. Please run: `pip install cuml` to install.
2024-03-06 18:11:51,794:WARNING:
'cuml' is a soft dependency and not included in the pycaret installation. Please run: `pip install cuml` to install.
2024-03-06 18:11:51,794:WARNING:
'cuml' is a soft dependency and not included in the pycaret installation. Please run: `pip install cuml` to install.
2024-03-06 18:11:51,794:WARNING:
'cuml' is a soft dependency and not included in the pycaret installation. Please run: `pip install cuml` to install.
2024-03-06 18:11:56,020:INFO:Initializing load_model()
2024-03-06 18:11:56,020:INFO:load_model(model_name=my_best_pipeline, platform=None, authentication=None, verbose=True)
2024-03-06 18:11:56,032:WARNING:C:\Users\YAS\AppData\Local\Packages\PythonSoftwareFoundation.Python.3.11_qbz5n2kfra8p0\LocalCache\local-packages\Python311\site-packages\pycaret\internal\pipeline.py:146: UserWarning: Version mismatch:
current: {'deps_info': {'pip': '24.0', 'setuptools': '65.5.0', 'pycaret': '3.3.0', 'IPython': '8.22.2', 'ipywidgets': '8.1.2', 'tqdm': '4.66.2', 'numpy': '1.24.3', 'pandas': '2.0.1', 'jinja2': '3.1.2', 'scipy': '1.11.4', 'joblib': '1.3.2', 'sklearn': '1.4.1.post1', 'pyod': '1.1.3', 'imblearn': '0.12.0', 'category_encoders': '2.6.3', 'lightgbm': '4.3.0', 'numba': '0.59.0', 'requests': '2.31.0', 'matplotlib': '3.7.5', 'scikitplot': '0.3.7', 'yellowbrick': '1.5', 'plotly': '5.19.0', 'plotly-resampler': 'Not installed', 'kaleido': '0.2.1', 'schemdraw': '0.15', 'statsmodels': '0.14.1', 'sktime': '0.27.0', 'tbats': '1.1.3', 'pmdarima': '2.0.4', 'psutil': '5.9.8', 'markupsafe': '2.1.3', 'pickle5': 'Not installed', 'cloudpickle': '3.0.0', 'deprecation': '2.1.0', 'xxhash': '3.4.1', 'wurlitzer': 'Not installed'}, 'python': {'version': '3.11.8', 'machine': 'AMD64'}}
pickle: {'deps_info': {'pip': '23.1.2', 'setuptools': '67.7.2', 'pycaret': '3.3.0', 'IPython': '7.34.0', 'ipywidgets': '7.7.1', 'tqdm': '4.66.2', 'numpy': '1.25.2', 'pandas': '1.5.3', 'jinja2': '3.1.3', 'scipy': '1.11.4', 'joblib': '1.3.2', 'sklearn': '1.4.1.post1', 'pyod': '1.1.3', 'imblearn': '0.12.0', 'category_encoders': '2.6.3', 'lightgbm': '4.1.0', 'numba': '0.58.1', 'requests': '2.31.0', 'matplotlib': '3.7.1', 'scikitplot': '0.3.7', 'yellowbrick': '1.5', 'plotly': '5.15.0', 'plotly-resampler': 'Not installed', 'kaleido': '0.2.1', 'schemdraw': '0.15', 'statsmodels': '0.14.1', 'sktime': '0.27.0', 'tbats': '1.1.3', 'pmdarima': '2.0.4', 'psutil': '5.9.5', 'markupsafe': '2.1.5', 'pickle5': 'Not installed', 'cloudpickle': '2.2.1', 'deprecation': '2.1.0', 'xxhash': '3.4.1', 'wurlitzer': '3.0.3'}, 'python': {'version': '3.10.12', 'machine': 'x86_64'}}
  warnings.warn(

2024-03-06 18:11:56,040:INFO:Initializing predict_model()
2024-03-06 18:11:56,041:INFO:predict_model(self=<pycaret.classification.oop.ClassificationExperiment object at 0x00000143AD46F550>, estimator=Pipeline(memory=Memory(location=None),
         steps=[('numerical_imputer',
                 TransformerWrapper(include=['age', 'sex', 'cp', 'trestbps',
                                             'chol', 'fbs', 'restecg',
                                             'thalach', 'exang', 'oldpeak',
                                             'slope', 'ca', 'thal',
                                             'total_risk',
                                             'cholesterol_hdl_ratio'],
                                    transformer=SimpleImputer())),
                ('categorical_imputer',
                 TransformerWrapper(include=[],
                                    transformer=SimpleImputer(strategy='most_frequent'))),
                ('trained_model',
                 LogisticRegression(max_iter=1000, random_state=122))]), probability_threshold=None, encoded_labels=False, raw_score=False, round=4, verbose=True, ml_usecase=None, preprocess=True, encode_labels=<function _SupervisedExperiment.predict_model.<locals>.encode_labels at 0x00000143978D0AE0>)
2024-03-06 18:11:56,041:INFO:Checking exceptions
2024-03-06 18:11:56,041:INFO:Preloading libraries
2024-03-06 18:11:56,041:INFO:Set up data.
2024-03-06 18:11:56,048:INFO:Set up index.
2024-03-06 18:11:56,181:WARNING:D:\MyData\Salma\uni\years\Senior-2\Spring 2024\CSE492 Graduation Project (2)\django\my leaf classification demo\demo\myapp\views.py:106: FutureWarning: Calling int on a single element Series is deprecated and will raise a TypeError in the future. Use int(ser.iloc[0]) instead
  if int(user_output['prediction_label']) == 0:

2024-03-06 18:12:38,221:WARNING:
'cuml' is a soft dependency and not included in the pycaret installation. Please run: `pip install cuml` to install.
2024-03-06 18:12:38,221:WARNING:
'cuml' is a soft dependency and not included in the pycaret installation. Please run: `pip install cuml` to install.
2024-03-06 18:12:38,221:WARNING:
'cuml' is a soft dependency and not included in the pycaret installation. Please run: `pip install cuml` to install.
2024-03-06 18:12:38,221:WARNING:
'cuml' is a soft dependency and not included in the pycaret installation. Please run: `pip install cuml` to install.
2024-03-06 18:12:54,093:INFO:Initializing load_model()
2024-03-06 18:12:54,093:INFO:load_model(model_name=my_best_pipeline, platform=None, authentication=None, verbose=True)
2024-03-06 18:12:54,102:WARNING:C:\Users\YAS\AppData\Local\Packages\PythonSoftwareFoundation.Python.3.11_qbz5n2kfra8p0\LocalCache\local-packages\Python311\site-packages\pycaret\internal\pipeline.py:146: UserWarning: Version mismatch:
current: {'deps_info': {'pip': '24.0', 'setuptools': '65.5.0', 'pycaret': '3.3.0', 'IPython': '8.22.2', 'ipywidgets': '8.1.2', 'tqdm': '4.66.2', 'numpy': '1.24.3', 'pandas': '2.0.1', 'jinja2': '3.1.2', 'scipy': '1.11.4', 'joblib': '1.3.2', 'sklearn': '1.4.1.post1', 'pyod': '1.1.3', 'imblearn': '0.12.0', 'category_encoders': '2.6.3', 'lightgbm': '4.3.0', 'numba': '0.59.0', 'requests': '2.31.0', 'matplotlib': '3.7.5', 'scikitplot': '0.3.7', 'yellowbrick': '1.5', 'plotly': '5.19.0', 'plotly-resampler': 'Not installed', 'kaleido': '0.2.1', 'schemdraw': '0.15', 'statsmodels': '0.14.1', 'sktime': '0.27.0', 'tbats': '1.1.3', 'pmdarima': '2.0.4', 'psutil': '5.9.8', 'markupsafe': '2.1.3', 'pickle5': 'Not installed', 'cloudpickle': '3.0.0', 'deprecation': '2.1.0', 'xxhash': '3.4.1', 'wurlitzer': 'Not installed'}, 'python': {'version': '3.11.8', 'machine': 'AMD64'}}
pickle: {'deps_info': {'pip': '23.1.2', 'setuptools': '67.7.2', 'pycaret': '3.3.0', 'IPython': '7.34.0', 'ipywidgets': '7.7.1', 'tqdm': '4.66.2', 'numpy': '1.25.2', 'pandas': '1.5.3', 'jinja2': '3.1.3', 'scipy': '1.11.4', 'joblib': '1.3.2', 'sklearn': '1.4.1.post1', 'pyod': '1.1.3', 'imblearn': '0.12.0', 'category_encoders': '2.6.3', 'lightgbm': '4.1.0', 'numba': '0.58.1', 'requests': '2.31.0', 'matplotlib': '3.7.1', 'scikitplot': '0.3.7', 'yellowbrick': '1.5', 'plotly': '5.15.0', 'plotly-resampler': 'Not installed', 'kaleido': '0.2.1', 'schemdraw': '0.15', 'statsmodels': '0.14.1', 'sktime': '0.27.0', 'tbats': '1.1.3', 'pmdarima': '2.0.4', 'psutil': '5.9.5', 'markupsafe': '2.1.5', 'pickle5': 'Not installed', 'cloudpickle': '2.2.1', 'deprecation': '2.1.0', 'xxhash': '3.4.1', 'wurlitzer': '3.0.3'}, 'python': {'version': '3.10.12', 'machine': 'x86_64'}}
  warnings.warn(

2024-03-06 18:12:54,112:INFO:Initializing predict_model()
2024-03-06 18:12:54,113:INFO:predict_model(self=<pycaret.classification.oop.ClassificationExperiment object at 0x000002E6F9749C50>, estimator=Pipeline(memory=Memory(location=None),
         steps=[('numerical_imputer',
                 TransformerWrapper(include=['age', 'sex', 'cp', 'trestbps',
                                             'chol', 'fbs', 'restecg',
                                             'thalach', 'exang', 'oldpeak',
                                             'slope', 'ca', 'thal',
                                             'total_risk',
                                             'cholesterol_hdl_ratio'],
                                    transformer=SimpleImputer())),
                ('categorical_imputer',
                 TransformerWrapper(include=[],
                                    transformer=SimpleImputer(strategy='most_frequent'))),
                ('trained_model',
                 LogisticRegression(max_iter=1000, random_state=122))]), probability_threshold=None, encoded_labels=False, raw_score=False, round=4, verbose=True, ml_usecase=None, preprocess=True, encode_labels=<function _SupervisedExperiment.predict_model.<locals>.encode_labels at 0x000002E6F8995C60>)
2024-03-06 18:12:54,113:INFO:Checking exceptions
2024-03-06 18:12:54,113:INFO:Preloading libraries
2024-03-06 18:12:54,113:INFO:Set up data.
2024-03-06 18:12:54,120:INFO:Set up index.
2024-03-06 18:12:54,261:WARNING:D:\MyData\Salma\uni\years\Senior-2\Spring 2024\CSE492 Graduation Project (2)\django\my leaf classification demo\demo\myapp\views.py:106: FutureWarning: Calling int on a single element Series is deprecated and will raise a TypeError in the future. Use int(ser.iloc[0]) instead
  if int(user_output['prediction_label']) == 0:

2024-03-06 18:14:11,406:WARNING:
'cuml' is a soft dependency and not included in the pycaret installation. Please run: `pip install cuml` to install.
2024-03-06 18:14:11,407:WARNING:
'cuml' is a soft dependency and not included in the pycaret installation. Please run: `pip install cuml` to install.
2024-03-06 18:14:11,407:WARNING:
'cuml' is a soft dependency and not included in the pycaret installation. Please run: `pip install cuml` to install.
2024-03-06 18:14:11,407:WARNING:
'cuml' is a soft dependency and not included in the pycaret installation. Please run: `pip install cuml` to install.
2024-03-06 18:14:29,881:INFO:Initializing load_model()
2024-03-06 18:14:29,882:INFO:load_model(model_name=my_best_pipeline, platform=None, authentication=None, verbose=True)
2024-03-06 18:14:29,890:WARNING:C:\Users\YAS\AppData\Local\Packages\PythonSoftwareFoundation.Python.3.11_qbz5n2kfra8p0\LocalCache\local-packages\Python311\site-packages\pycaret\internal\pipeline.py:146: UserWarning: Version mismatch:
current: {'deps_info': {'pip': '24.0', 'setuptools': '65.5.0', 'pycaret': '3.3.0', 'IPython': '8.22.2', 'ipywidgets': '8.1.2', 'tqdm': '4.66.2', 'numpy': '1.24.3', 'pandas': '2.0.1', 'jinja2': '3.1.2', 'scipy': '1.11.4', 'joblib': '1.3.2', 'sklearn': '1.4.1.post1', 'pyod': '1.1.3', 'imblearn': '0.12.0', 'category_encoders': '2.6.3', 'lightgbm': '4.3.0', 'numba': '0.59.0', 'requests': '2.31.0', 'matplotlib': '3.7.5', 'scikitplot': '0.3.7', 'yellowbrick': '1.5', 'plotly': '5.19.0', 'plotly-resampler': 'Not installed', 'kaleido': '0.2.1', 'schemdraw': '0.15', 'statsmodels': '0.14.1', 'sktime': '0.27.0', 'tbats': '1.1.3', 'pmdarima': '2.0.4', 'psutil': '5.9.8', 'markupsafe': '2.1.3', 'pickle5': 'Not installed', 'cloudpickle': '3.0.0', 'deprecation': '2.1.0', 'xxhash': '3.4.1', 'wurlitzer': 'Not installed'}, 'python': {'version': '3.11.8', 'machine': 'AMD64'}}
pickle: {'deps_info': {'pip': '23.1.2', 'setuptools': '67.7.2', 'pycaret': '3.3.0', 'IPython': '7.34.0', 'ipywidgets': '7.7.1', 'tqdm': '4.66.2', 'numpy': '1.25.2', 'pandas': '1.5.3', 'jinja2': '3.1.3', 'scipy': '1.11.4', 'joblib': '1.3.2', 'sklearn': '1.4.1.post1', 'pyod': '1.1.3', 'imblearn': '0.12.0', 'category_encoders': '2.6.3', 'lightgbm': '4.1.0', 'numba': '0.58.1', 'requests': '2.31.0', 'matplotlib': '3.7.1', 'scikitplot': '0.3.7', 'yellowbrick': '1.5', 'plotly': '5.15.0', 'plotly-resampler': 'Not installed', 'kaleido': '0.2.1', 'schemdraw': '0.15', 'statsmodels': '0.14.1', 'sktime': '0.27.0', 'tbats': '1.1.3', 'pmdarima': '2.0.4', 'psutil': '5.9.5', 'markupsafe': '2.1.5', 'pickle5': 'Not installed', 'cloudpickle': '2.2.1', 'deprecation': '2.1.0', 'xxhash': '3.4.1', 'wurlitzer': '3.0.3'}, 'python': {'version': '3.10.12', 'machine': 'x86_64'}}
  warnings.warn(

2024-03-06 18:14:29,898:INFO:Initializing predict_model()
2024-03-06 18:14:29,898:INFO:predict_model(self=<pycaret.classification.oop.ClassificationExperiment object at 0x000001AFDC68FDD0>, estimator=Pipeline(memory=Memory(location=None),
         steps=[('numerical_imputer',
                 TransformerWrapper(include=['age', 'sex', 'cp', 'trestbps',
                                             'chol', 'fbs', 'restecg',
                                             'thalach', 'exang', 'oldpeak',
                                             'slope', 'ca', 'thal',
                                             'total_risk',
                                             'cholesterol_hdl_ratio'],
                                    transformer=SimpleImputer())),
                ('categorical_imputer',
                 TransformerWrapper(include=[],
                                    transformer=SimpleImputer(strategy='most_frequent'))),
                ('trained_model',
                 LogisticRegression(max_iter=1000, random_state=122))]), probability_threshold=None, encoded_labels=False, raw_score=False, round=4, verbose=True, ml_usecase=None, preprocess=True, encode_labels=<function _SupervisedExperiment.predict_model.<locals>.encode_labels at 0x000001AFDD4237E0>)
2024-03-06 18:14:29,898:INFO:Checking exceptions
2024-03-06 18:14:29,898:INFO:Preloading libraries
2024-03-06 18:14:29,898:INFO:Set up data.
2024-03-06 18:14:29,905:INFO:Set up index.
2024-03-06 18:14:30,043:WARNING:D:\MyData\Salma\uni\years\Senior-2\Spring 2024\CSE492 Graduation Project (2)\django\my leaf classification demo\demo\myapp\views.py:106: FutureWarning: Calling int on a single element Series is deprecated and will raise a TypeError in the future. Use int(ser.iloc[0]) instead
  if int(user_output['prediction_label']) == 0:

2024-03-06 18:16:20,615:WARNING:
'cuml' is a soft dependency and not included in the pycaret installation. Please run: `pip install cuml` to install.
2024-03-06 18:16:20,615:WARNING:
'cuml' is a soft dependency and not included in the pycaret installation. Please run: `pip install cuml` to install.
2024-03-06 18:16:20,615:WARNING:
'cuml' is a soft dependency and not included in the pycaret installation. Please run: `pip install cuml` to install.
2024-03-06 18:16:20,615:WARNING:
'cuml' is a soft dependency and not included in the pycaret installation. Please run: `pip install cuml` to install.
2024-03-06 18:17:27,550:INFO:Initializing load_model()
2024-03-06 18:17:27,551:INFO:load_model(model_name=my_best_pipeline, platform=None, authentication=None, verbose=True)
2024-03-06 18:17:27,559:WARNING:C:\Users\YAS\AppData\Local\Packages\PythonSoftwareFoundation.Python.3.11_qbz5n2kfra8p0\LocalCache\local-packages\Python311\site-packages\pycaret\internal\pipeline.py:146: UserWarning: Version mismatch:
current: {'deps_info': {'pip': '24.0', 'setuptools': '65.5.0', 'pycaret': '3.3.0', 'IPython': '8.22.2', 'ipywidgets': '8.1.2', 'tqdm': '4.66.2', 'numpy': '1.24.3', 'pandas': '2.0.1', 'jinja2': '3.1.2', 'scipy': '1.11.4', 'joblib': '1.3.2', 'sklearn': '1.4.1.post1', 'pyod': '1.1.3', 'imblearn': '0.12.0', 'category_encoders': '2.6.3', 'lightgbm': '4.3.0', 'numba': '0.59.0', 'requests': '2.31.0', 'matplotlib': '3.7.5', 'scikitplot': '0.3.7', 'yellowbrick': '1.5', 'plotly': '5.19.0', 'plotly-resampler': 'Not installed', 'kaleido': '0.2.1', 'schemdraw': '0.15', 'statsmodels': '0.14.1', 'sktime': '0.27.0', 'tbats': '1.1.3', 'pmdarima': '2.0.4', 'psutil': '5.9.8', 'markupsafe': '2.1.3', 'pickle5': 'Not installed', 'cloudpickle': '3.0.0', 'deprecation': '2.1.0', 'xxhash': '3.4.1', 'wurlitzer': 'Not installed'}, 'python': {'version': '3.11.8', 'machine': 'AMD64'}}
pickle: {'deps_info': {'pip': '23.1.2', 'setuptools': '67.7.2', 'pycaret': '3.3.0', 'IPython': '7.34.0', 'ipywidgets': '7.7.1', 'tqdm': '4.66.2', 'numpy': '1.25.2', 'pandas': '1.5.3', 'jinja2': '3.1.3', 'scipy': '1.11.4', 'joblib': '1.3.2', 'sklearn': '1.4.1.post1', 'pyod': '1.1.3', 'imblearn': '0.12.0', 'category_encoders': '2.6.3', 'lightgbm': '4.1.0', 'numba': '0.58.1', 'requests': '2.31.0', 'matplotlib': '3.7.1', 'scikitplot': '0.3.7', 'yellowbrick': '1.5', 'plotly': '5.15.0', 'plotly-resampler': 'Not installed', 'kaleido': '0.2.1', 'schemdraw': '0.15', 'statsmodels': '0.14.1', 'sktime': '0.27.0', 'tbats': '1.1.3', 'pmdarima': '2.0.4', 'psutil': '5.9.5', 'markupsafe': '2.1.5', 'pickle5': 'Not installed', 'cloudpickle': '2.2.1', 'deprecation': '2.1.0', 'xxhash': '3.4.1', 'wurlitzer': '3.0.3'}, 'python': {'version': '3.10.12', 'machine': 'x86_64'}}
  warnings.warn(

2024-03-06 18:17:27,569:INFO:Initializing predict_model()
2024-03-06 18:17:27,569:INFO:predict_model(self=<pycaret.classification.oop.ClassificationExperiment object at 0x000001429FC88750>, estimator=Pipeline(memory=Memory(location=None),
         steps=[('numerical_imputer',
                 TransformerWrapper(include=['age', 'sex', 'cp', 'trestbps',
                                             'chol', 'fbs', 'restecg',
                                             'thalach', 'exang', 'oldpeak',
                                             'slope', 'ca', 'thal',
                                             'total_risk',
                                             'cholesterol_hdl_ratio'],
                                    transformer=SimpleImputer())),
                ('categorical_imputer',
                 TransformerWrapper(include=[],
                                    transformer=SimpleImputer(strategy='most_frequent'))),
                ('trained_model',
                 LogisticRegression(max_iter=1000, random_state=122))]), probability_threshold=None, encoded_labels=False, raw_score=False, round=4, verbose=True, ml_usecase=None, preprocess=True, encode_labels=<function _SupervisedExperiment.predict_model.<locals>.encode_labels at 0x00000142A0097CE0>)
2024-03-06 18:17:27,569:INFO:Checking exceptions
2024-03-06 18:17:27,569:INFO:Preloading libraries
2024-03-06 18:17:27,569:INFO:Set up data.
2024-03-06 18:17:27,580:INFO:Set up index.
2024-03-06 18:17:27,723:WARNING:D:\MyData\Salma\uni\years\Senior-2\Spring 2024\CSE492 Graduation Project (2)\django\my leaf classification demo\demo\myapp\views.py:106: FutureWarning: Calling int on a single element Series is deprecated and will raise a TypeError in the future. Use int(ser.iloc[0]) instead
  if int(user_output['prediction_label']) == 0:

2024-03-06 18:18:08,125:WARNING:
'cuml' is a soft dependency and not included in the pycaret installation. Please run: `pip install cuml` to install.
2024-03-06 18:18:08,125:WARNING:
'cuml' is a soft dependency and not included in the pycaret installation. Please run: `pip install cuml` to install.
2024-03-06 18:18:08,126:WARNING:
'cuml' is a soft dependency and not included in the pycaret installation. Please run: `pip install cuml` to install.
2024-03-06 18:18:08,126:WARNING:
'cuml' is a soft dependency and not included in the pycaret installation. Please run: `pip install cuml` to install.
2024-03-06 18:18:30,336:INFO:Initializing load_model()
2024-03-06 18:18:30,337:INFO:load_model(model_name=my_best_pipeline, platform=None, authentication=None, verbose=True)
2024-03-06 18:18:30,344:WARNING:C:\Users\YAS\AppData\Local\Packages\PythonSoftwareFoundation.Python.3.11_qbz5n2kfra8p0\LocalCache\local-packages\Python311\site-packages\pycaret\internal\pipeline.py:146: UserWarning: Version mismatch:
current: {'deps_info': {'pip': '24.0', 'setuptools': '65.5.0', 'pycaret': '3.3.0', 'IPython': '8.22.2', 'ipywidgets': '8.1.2', 'tqdm': '4.66.2', 'numpy': '1.24.3', 'pandas': '2.0.1', 'jinja2': '3.1.2', 'scipy': '1.11.4', 'joblib': '1.3.2', 'sklearn': '1.4.1.post1', 'pyod': '1.1.3', 'imblearn': '0.12.0', 'category_encoders': '2.6.3', 'lightgbm': '4.3.0', 'numba': '0.59.0', 'requests': '2.31.0', 'matplotlib': '3.7.5', 'scikitplot': '0.3.7', 'yellowbrick': '1.5', 'plotly': '5.19.0', 'plotly-resampler': 'Not installed', 'kaleido': '0.2.1', 'schemdraw': '0.15', 'statsmodels': '0.14.1', 'sktime': '0.27.0', 'tbats': '1.1.3', 'pmdarima': '2.0.4', 'psutil': '5.9.8', 'markupsafe': '2.1.3', 'pickle5': 'Not installed', 'cloudpickle': '3.0.0', 'deprecation': '2.1.0', 'xxhash': '3.4.1', 'wurlitzer': 'Not installed'}, 'python': {'version': '3.11.8', 'machine': 'AMD64'}}
pickle: {'deps_info': {'pip': '23.1.2', 'setuptools': '67.7.2', 'pycaret': '3.3.0', 'IPython': '7.34.0', 'ipywidgets': '7.7.1', 'tqdm': '4.66.2', 'numpy': '1.25.2', 'pandas': '1.5.3', 'jinja2': '3.1.3', 'scipy': '1.11.4', 'joblib': '1.3.2', 'sklearn': '1.4.1.post1', 'pyod': '1.1.3', 'imblearn': '0.12.0', 'category_encoders': '2.6.3', 'lightgbm': '4.1.0', 'numba': '0.58.1', 'requests': '2.31.0', 'matplotlib': '3.7.1', 'scikitplot': '0.3.7', 'yellowbrick': '1.5', 'plotly': '5.15.0', 'plotly-resampler': 'Not installed', 'kaleido': '0.2.1', 'schemdraw': '0.15', 'statsmodels': '0.14.1', 'sktime': '0.27.0', 'tbats': '1.1.3', 'pmdarima': '2.0.4', 'psutil': '5.9.5', 'markupsafe': '2.1.5', 'pickle5': 'Not installed', 'cloudpickle': '2.2.1', 'deprecation': '2.1.0', 'xxhash': '3.4.1', 'wurlitzer': '3.0.3'}, 'python': {'version': '3.10.12', 'machine': 'x86_64'}}
  warnings.warn(

2024-03-06 18:18:30,355:INFO:Initializing predict_model()
2024-03-06 18:18:30,355:INFO:predict_model(self=<pycaret.classification.oop.ClassificationExperiment object at 0x00000195491E8750>, estimator=Pipeline(memory=Memory(location=None),
         steps=[('numerical_imputer',
                 TransformerWrapper(include=['age', 'sex', 'cp', 'trestbps',
                                             'chol', 'fbs', 'restecg',
                                             'thalach', 'exang', 'oldpeak',
                                             'slope', 'ca', 'thal',
                                             'total_risk',
                                             'cholesterol_hdl_ratio'],
                                    transformer=SimpleImputer())),
                ('categorical_imputer',
                 TransformerWrapper(include=[],
                                    transformer=SimpleImputer(strategy='most_frequent'))),
                ('trained_model',
                 LogisticRegression(max_iter=1000, random_state=122))]), probability_threshold=None, encoded_labels=False, raw_score=False, round=4, verbose=True, ml_usecase=None, preprocess=True, encode_labels=<function _SupervisedExperiment.predict_model.<locals>.encode_labels at 0x0000019548B277E0>)
2024-03-06 18:18:30,355:INFO:Checking exceptions
2024-03-06 18:18:30,355:INFO:Preloading libraries
2024-03-06 18:18:30,356:INFO:Set up data.
2024-03-06 18:18:30,362:INFO:Set up index.
2024-03-06 18:18:30,502:WARNING:D:\MyData\Salma\uni\years\Senior-2\Spring 2024\CSE492 Graduation Project (2)\django\my leaf classification demo\demo\myapp\views.py:106: FutureWarning: Calling int on a single element Series is deprecated and will raise a TypeError in the future. Use int(ser.iloc[0]) instead
  if int(user_output['prediction_label']) == 0:

2024-03-06 18:19:18,442:WARNING:
'cuml' is a soft dependency and not included in the pycaret installation. Please run: `pip install cuml` to install.
2024-03-06 18:19:18,442:WARNING:
'cuml' is a soft dependency and not included in the pycaret installation. Please run: `pip install cuml` to install.
2024-03-06 18:19:18,442:WARNING:
'cuml' is a soft dependency and not included in the pycaret installation. Please run: `pip install cuml` to install.
2024-03-06 18:19:18,442:WARNING:
'cuml' is a soft dependency and not included in the pycaret installation. Please run: `pip install cuml` to install.
2024-03-06 18:19:39,748:INFO:Initializing load_model()
2024-03-06 18:19:39,748:INFO:load_model(model_name=my_best_pipeline, platform=None, authentication=None, verbose=True)
2024-03-06 18:19:39,756:WARNING:C:\Users\YAS\AppData\Local\Packages\PythonSoftwareFoundation.Python.3.11_qbz5n2kfra8p0\LocalCache\local-packages\Python311\site-packages\pycaret\internal\pipeline.py:146: UserWarning: Version mismatch:
current: {'deps_info': {'pip': '24.0', 'setuptools': '65.5.0', 'pycaret': '3.3.0', 'IPython': '8.22.2', 'ipywidgets': '8.1.2', 'tqdm': '4.66.2', 'numpy': '1.24.3', 'pandas': '2.0.1', 'jinja2': '3.1.2', 'scipy': '1.11.4', 'joblib': '1.3.2', 'sklearn': '1.4.1.post1', 'pyod': '1.1.3', 'imblearn': '0.12.0', 'category_encoders': '2.6.3', 'lightgbm': '4.3.0', 'numba': '0.59.0', 'requests': '2.31.0', 'matplotlib': '3.7.5', 'scikitplot': '0.3.7', 'yellowbrick': '1.5', 'plotly': '5.19.0', 'plotly-resampler': 'Not installed', 'kaleido': '0.2.1', 'schemdraw': '0.15', 'statsmodels': '0.14.1', 'sktime': '0.27.0', 'tbats': '1.1.3', 'pmdarima': '2.0.4', 'psutil': '5.9.8', 'markupsafe': '2.1.3', 'pickle5': 'Not installed', 'cloudpickle': '3.0.0', 'deprecation': '2.1.0', 'xxhash': '3.4.1', 'wurlitzer': 'Not installed'}, 'python': {'version': '3.11.8', 'machine': 'AMD64'}}
pickle: {'deps_info': {'pip': '23.1.2', 'setuptools': '67.7.2', 'pycaret': '3.3.0', 'IPython': '7.34.0', 'ipywidgets': '7.7.1', 'tqdm': '4.66.2', 'numpy': '1.25.2', 'pandas': '1.5.3', 'jinja2': '3.1.3', 'scipy': '1.11.4', 'joblib': '1.3.2', 'sklearn': '1.4.1.post1', 'pyod': '1.1.3', 'imblearn': '0.12.0', 'category_encoders': '2.6.3', 'lightgbm': '4.1.0', 'numba': '0.58.1', 'requests': '2.31.0', 'matplotlib': '3.7.1', 'scikitplot': '0.3.7', 'yellowbrick': '1.5', 'plotly': '5.15.0', 'plotly-resampler': 'Not installed', 'kaleido': '0.2.1', 'schemdraw': '0.15', 'statsmodels': '0.14.1', 'sktime': '0.27.0', 'tbats': '1.1.3', 'pmdarima': '2.0.4', 'psutil': '5.9.5', 'markupsafe': '2.1.5', 'pickle5': 'Not installed', 'cloudpickle': '2.2.1', 'deprecation': '2.1.0', 'xxhash': '3.4.1', 'wurlitzer': '3.0.3'}, 'python': {'version': '3.10.12', 'machine': 'x86_64'}}
  warnings.warn(

2024-03-06 18:19:39,766:INFO:Initializing predict_model()
2024-03-06 18:19:39,766:INFO:predict_model(self=<pycaret.classification.oop.ClassificationExperiment object at 0x00000185DD80B890>, estimator=Pipeline(memory=Memory(location=None),
         steps=[('numerical_imputer',
                 TransformerWrapper(include=['age', 'sex', 'cp', 'trestbps',
                                             'chol', 'fbs', 'restecg',
                                             'thalach', 'exang', 'oldpeak',
                                             'slope', 'ca', 'thal',
                                             'total_risk',
                                             'cholesterol_hdl_ratio'],
                                    transformer=SimpleImputer())),
                ('categorical_imputer',
                 TransformerWrapper(include=[],
                                    transformer=SimpleImputer(strategy='most_frequent'))),
                ('trained_model',
                 LogisticRegression(max_iter=1000, random_state=122))]), probability_threshold=None, encoded_labels=False, raw_score=False, round=4, verbose=True, ml_usecase=None, preprocess=True, encode_labels=<function _SupervisedExperiment.predict_model.<locals>.encode_labels at 0x00000185DD8AEDE0>)
2024-03-06 18:19:39,767:INFO:Checking exceptions
2024-03-06 18:19:39,767:INFO:Preloading libraries
2024-03-06 18:19:39,767:INFO:Set up data.
2024-03-06 18:19:39,774:INFO:Set up index.
2024-03-06 18:19:39,938:WARNING:D:\MyData\Salma\uni\years\Senior-2\Spring 2024\CSE492 Graduation Project (2)\django\my leaf classification demo\demo\myapp\views.py:106: FutureWarning: Calling int on a single element Series is deprecated and will raise a TypeError in the future. Use int(ser.iloc[0]) instead
  if int(user_output['prediction_label']) == 0:

2024-03-06 18:20:48,028:WARNING:
'cuml' is a soft dependency and not included in the pycaret installation. Please run: `pip install cuml` to install.
2024-03-06 18:20:48,028:WARNING:
'cuml' is a soft dependency and not included in the pycaret installation. Please run: `pip install cuml` to install.
2024-03-06 18:20:48,028:WARNING:
'cuml' is a soft dependency and not included in the pycaret installation. Please run: `pip install cuml` to install.
2024-03-06 18:20:48,028:WARNING:
'cuml' is a soft dependency and not included in the pycaret installation. Please run: `pip install cuml` to install.
2024-03-06 18:20:53,114:INFO:Initializing load_model()
2024-03-06 18:20:53,114:INFO:load_model(model_name=my_best_pipeline, platform=None, authentication=None, verbose=True)
2024-03-06 18:20:53,124:WARNING:C:\Users\YAS\AppData\Local\Packages\PythonSoftwareFoundation.Python.3.11_qbz5n2kfra8p0\LocalCache\local-packages\Python311\site-packages\pycaret\internal\pipeline.py:146: UserWarning: Version mismatch:
current: {'deps_info': {'pip': '24.0', 'setuptools': '65.5.0', 'pycaret': '3.3.0', 'IPython': '8.22.2', 'ipywidgets': '8.1.2', 'tqdm': '4.66.2', 'numpy': '1.24.3', 'pandas': '2.0.1', 'jinja2': '3.1.2', 'scipy': '1.11.4', 'joblib': '1.3.2', 'sklearn': '1.4.1.post1', 'pyod': '1.1.3', 'imblearn': '0.12.0', 'category_encoders': '2.6.3', 'lightgbm': '4.3.0', 'numba': '0.59.0', 'requests': '2.31.0', 'matplotlib': '3.7.5', 'scikitplot': '0.3.7', 'yellowbrick': '1.5', 'plotly': '5.19.0', 'plotly-resampler': 'Not installed', 'kaleido': '0.2.1', 'schemdraw': '0.15', 'statsmodels': '0.14.1', 'sktime': '0.27.0', 'tbats': '1.1.3', 'pmdarima': '2.0.4', 'psutil': '5.9.8', 'markupsafe': '2.1.3', 'pickle5': 'Not installed', 'cloudpickle': '3.0.0', 'deprecation': '2.1.0', 'xxhash': '3.4.1', 'wurlitzer': 'Not installed'}, 'python': {'version': '3.11.8', 'machine': 'AMD64'}}
pickle: {'deps_info': {'pip': '23.1.2', 'setuptools': '67.7.2', 'pycaret': '3.3.0', 'IPython': '7.34.0', 'ipywidgets': '7.7.1', 'tqdm': '4.66.2', 'numpy': '1.25.2', 'pandas': '1.5.3', 'jinja2': '3.1.3', 'scipy': '1.11.4', 'joblib': '1.3.2', 'sklearn': '1.4.1.post1', 'pyod': '1.1.3', 'imblearn': '0.12.0', 'category_encoders': '2.6.3', 'lightgbm': '4.1.0', 'numba': '0.58.1', 'requests': '2.31.0', 'matplotlib': '3.7.1', 'scikitplot': '0.3.7', 'yellowbrick': '1.5', 'plotly': '5.15.0', 'plotly-resampler': 'Not installed', 'kaleido': '0.2.1', 'schemdraw': '0.15', 'statsmodels': '0.14.1', 'sktime': '0.27.0', 'tbats': '1.1.3', 'pmdarima': '2.0.4', 'psutil': '5.9.5', 'markupsafe': '2.1.5', 'pickle5': 'Not installed', 'cloudpickle': '2.2.1', 'deprecation': '2.1.0', 'xxhash': '3.4.1', 'wurlitzer': '3.0.3'}, 'python': {'version': '3.10.12', 'machine': 'x86_64'}}
  warnings.warn(

2024-03-06 18:20:53,137:INFO:Initializing predict_model()
2024-03-06 18:20:53,137:INFO:predict_model(self=<pycaret.classification.oop.ClassificationExperiment object at 0x00000148DBC8FDD0>, estimator=Pipeline(memory=Memory(location=None),
         steps=[('numerical_imputer',
                 TransformerWrapper(include=['age', 'sex', 'cp', 'trestbps',
                                             'chol', 'fbs', 'restecg',
                                             'thalach', 'exang', 'oldpeak',
                                             'slope', 'ca', 'thal',
                                             'total_risk',
                                             'cholesterol_hdl_ratio'],
                                    transformer=SimpleImputer())),
                ('categorical_imputer',
                 TransformerWrapper(include=[],
                                    transformer=SimpleImputer(strategy='most_frequent'))),
                ('trained_model',
                 LogisticRegression(max_iter=1000, random_state=122))]), probability_threshold=None, encoded_labels=False, raw_score=False, round=4, verbose=True, ml_usecase=None, preprocess=True, encode_labels=<function _SupervisedExperiment.predict_model.<locals>.encode_labels at 0x00000148DCC680E0>)
2024-03-06 18:20:53,137:INFO:Checking exceptions
2024-03-06 18:20:53,137:INFO:Preloading libraries
2024-03-06 18:20:53,138:INFO:Set up data.
2024-03-06 18:20:53,149:INFO:Set up index.
2024-03-06 18:20:53,305:WARNING:D:\MyData\Salma\uni\years\Senior-2\Spring 2024\CSE492 Graduation Project (2)\django\my leaf classification demo\demo\myapp\views.py:106: FutureWarning: Calling int on a single element Series is deprecated and will raise a TypeError in the future. Use int(ser.iloc[0]) instead
  if int(user_output['prediction_label']) == 0:

2024-03-06 18:21:13,303:INFO:Initializing load_model()
2024-03-06 18:21:13,304:INFO:load_model(model_name=my_best_pipeline, platform=None, authentication=None, verbose=True)
2024-03-06 18:21:13,305:WARNING:C:\Users\YAS\AppData\Local\Packages\PythonSoftwareFoundation.Python.3.11_qbz5n2kfra8p0\LocalCache\local-packages\Python311\site-packages\pycaret\internal\pipeline.py:146: UserWarning: Version mismatch:
current: {'deps_info': {'pip': '24.0', 'setuptools': '65.5.0', 'pycaret': '3.3.0', 'IPython': '8.22.2', 'ipywidgets': '8.1.2', 'tqdm': '4.66.2', 'numpy': '1.24.3', 'pandas': '2.0.1', 'jinja2': '3.1.2', 'scipy': '1.11.4', 'joblib': '1.3.2', 'sklearn': '1.4.1.post1', 'pyod': '1.1.3', 'imblearn': '0.12.0', 'category_encoders': '2.6.3', 'lightgbm': '4.3.0', 'numba': '0.59.0', 'requests': '2.31.0', 'matplotlib': '3.7.5', 'scikitplot': '0.3.7', 'yellowbrick': '1.5', 'plotly': '5.19.0', 'plotly-resampler': 'Not installed', 'kaleido': '0.2.1', 'schemdraw': '0.15', 'statsmodels': '0.14.1', 'sktime': '0.27.0', 'tbats': '1.1.3', 'pmdarima': '2.0.4', 'psutil': '5.9.8', 'markupsafe': '2.1.3', 'pickle5': 'Not installed', 'cloudpickle': '3.0.0', 'deprecation': '2.1.0', 'xxhash': '3.4.1', 'wurlitzer': 'Not installed'}, 'python': {'version': '3.11.8', 'machine': 'AMD64'}}
pickle: {'deps_info': {'pip': '23.1.2', 'setuptools': '67.7.2', 'pycaret': '3.3.0', 'IPython': '7.34.0', 'ipywidgets': '7.7.1', 'tqdm': '4.66.2', 'numpy': '1.25.2', 'pandas': '1.5.3', 'jinja2': '3.1.3', 'scipy': '1.11.4', 'joblib': '1.3.2', 'sklearn': '1.4.1.post1', 'pyod': '1.1.3', 'imblearn': '0.12.0', 'category_encoders': '2.6.3', 'lightgbm': '4.1.0', 'numba': '0.58.1', 'requests': '2.31.0', 'matplotlib': '3.7.1', 'scikitplot': '0.3.7', 'yellowbrick': '1.5', 'plotly': '5.15.0', 'plotly-resampler': 'Not installed', 'kaleido': '0.2.1', 'schemdraw': '0.15', 'statsmodels': '0.14.1', 'sktime': '0.27.0', 'tbats': '1.1.3', 'pmdarima': '2.0.4', 'psutil': '5.9.5', 'markupsafe': '2.1.5', 'pickle5': 'Not installed', 'cloudpickle': '2.2.1', 'deprecation': '2.1.0', 'xxhash': '3.4.1', 'wurlitzer': '3.0.3'}, 'python': {'version': '3.10.12', 'machine': 'x86_64'}}
  warnings.warn(

2024-03-06 18:21:13,312:INFO:Initializing predict_model()
2024-03-06 18:21:13,312:INFO:predict_model(self=<pycaret.classification.oop.ClassificationExperiment object at 0x00000148DD0CA290>, estimator=Pipeline(memory=Memory(location=None),
         steps=[('numerical_imputer',
                 TransformerWrapper(include=['age', 'sex', 'cp', 'trestbps',
                                             'chol', 'fbs', 'restecg',
                                             'thalach', 'exang', 'oldpeak',
                                             'slope', 'ca', 'thal',
                                             'total_risk',
                                             'cholesterol_hdl_ratio'],
                                    transformer=SimpleImputer())),
                ('categorical_imputer',
                 TransformerWrapper(include=[],
                                    transformer=SimpleImputer(strategy='most_frequent'))),
                ('trained_model',
                 LogisticRegression(max_iter=1000, random_state=122))]), probability_threshold=None, encoded_labels=False, raw_score=False, round=4, verbose=True, ml_usecase=None, preprocess=True, encode_labels=<function _SupervisedExperiment.predict_model.<locals>.encode_labels at 0x00000148DC10AB60>)
2024-03-06 18:21:13,312:INFO:Checking exceptions
2024-03-06 18:21:13,312:INFO:Preloading libraries
2024-03-06 18:21:13,313:INFO:Set up data.
2024-03-06 18:21:13,320:INFO:Set up index.
2024-03-06 18:21:13,444:WARNING:D:\MyData\Salma\uni\years\Senior-2\Spring 2024\CSE492 Graduation Project (2)\django\my leaf classification demo\demo\myapp\views.py:106: FutureWarning: Calling int on a single element Series is deprecated and will raise a TypeError in the future. Use int(ser.iloc[0]) instead
  if int(user_output['prediction_label']) == 0:

2024-03-06 18:22:13,466:WARNING:
'cuml' is a soft dependency and not included in the pycaret installation. Please run: `pip install cuml` to install.
2024-03-06 18:22:13,466:WARNING:
'cuml' is a soft dependency and not included in the pycaret installation. Please run: `pip install cuml` to install.
2024-03-06 18:22:13,467:WARNING:
'cuml' is a soft dependency and not included in the pycaret installation. Please run: `pip install cuml` to install.
2024-03-06 18:22:13,467:WARNING:
'cuml' is a soft dependency and not included in the pycaret installation. Please run: `pip install cuml` to install.
2024-03-06 18:38:16,808:WARNING:
'cuml' is a soft dependency and not included in the pycaret installation. Please run: `pip install cuml` to install.
2024-03-06 18:38:16,822:WARNING:
'cuml' is a soft dependency and not included in the pycaret installation. Please run: `pip install cuml` to install.
2024-03-06 18:38:16,822:WARNING:
'cuml' is a soft dependency and not included in the pycaret installation. Please run: `pip install cuml` to install.
2024-03-06 18:38:16,822:WARNING:
'cuml' is a soft dependency and not included in the pycaret installation. Please run: `pip install cuml` to install.
2024-03-06 18:39:10,978:WARNING:
'cuml' is a soft dependency and not included in the pycaret installation. Please run: `pip install cuml` to install.
2024-03-06 18:39:10,979:WARNING:
'cuml' is a soft dependency and not included in the pycaret installation. Please run: `pip install cuml` to install.
2024-03-06 18:39:10,979:WARNING:
'cuml' is a soft dependency and not included in the pycaret installation. Please run: `pip install cuml` to install.
2024-03-06 18:39:10,979:WARNING:
'cuml' is a soft dependency and not included in the pycaret installation. Please run: `pip install cuml` to install.
2024-03-06 18:40:58,316:WARNING:
'cuml' is a soft dependency and not included in the pycaret installation. Please run: `pip install cuml` to install.
2024-03-06 18:40:58,316:WARNING:
'cuml' is a soft dependency and not included in the pycaret installation. Please run: `pip install cuml` to install.
2024-03-06 18:40:58,316:WARNING:
'cuml' is a soft dependency and not included in the pycaret installation. Please run: `pip install cuml` to install.
2024-03-06 18:40:58,316:WARNING:
'cuml' is a soft dependency and not included in the pycaret installation. Please run: `pip install cuml` to install.
2024-03-06 18:42:11,658:WARNING:
'cuml' is a soft dependency and not included in the pycaret installation. Please run: `pip install cuml` to install.
2024-03-06 18:42:11,658:WARNING:
'cuml' is a soft dependency and not included in the pycaret installation. Please run: `pip install cuml` to install.
2024-03-06 18:42:11,658:WARNING:
'cuml' is a soft dependency and not included in the pycaret installation. Please run: `pip install cuml` to install.
2024-03-06 18:42:11,658:WARNING:
'cuml' is a soft dependency and not included in the pycaret installation. Please run: `pip install cuml` to install.
2024-03-06 18:43:00,807:WARNING:
'cuml' is a soft dependency and not included in the pycaret installation. Please run: `pip install cuml` to install.
2024-03-06 18:43:00,807:WARNING:
'cuml' is a soft dependency and not included in the pycaret installation. Please run: `pip install cuml` to install.
2024-03-06 18:43:00,807:WARNING:
'cuml' is a soft dependency and not included in the pycaret installation. Please run: `pip install cuml` to install.
2024-03-06 18:43:00,807:WARNING:
'cuml' is a soft dependency and not included in the pycaret installation. Please run: `pip install cuml` to install.
2024-03-06 18:43:30,210:WARNING:
'cuml' is a soft dependency and not included in the pycaret installation. Please run: `pip install cuml` to install.
2024-03-06 18:43:30,211:WARNING:
'cuml' is a soft dependency and not included in the pycaret installation. Please run: `pip install cuml` to install.
2024-03-06 18:43:30,211:WARNING:
'cuml' is a soft dependency and not included in the pycaret installation. Please run: `pip install cuml` to install.
2024-03-06 18:43:30,211:WARNING:
'cuml' is a soft dependency and not included in the pycaret installation. Please run: `pip install cuml` to install.
2024-03-06 20:29:58,488:WARNING:
'cuml' is a soft dependency and not included in the pycaret installation. Please run: `pip install cuml` to install.
2024-03-06 20:29:58,496:WARNING:
'cuml' is a soft dependency and not included in the pycaret installation. Please run: `pip install cuml` to install.
2024-03-06 20:29:58,497:WARNING:
'cuml' is a soft dependency and not included in the pycaret installation. Please run: `pip install cuml` to install.
2024-03-06 20:29:58,497:WARNING:
'cuml' is a soft dependency and not included in the pycaret installation. Please run: `pip install cuml` to install.
2024-03-06 20:30:43,000:INFO:Initializing load_model()
2024-03-06 20:30:43,001:INFO:load_model(model_name=my_best_pipeline, platform=None, authentication=None, verbose=True)
2024-03-06 20:30:43,042:WARNING:C:\Users\YAS\AppData\Local\Packages\PythonSoftwareFoundation.Python.3.11_qbz5n2kfra8p0\LocalCache\local-packages\Python311\site-packages\pycaret\internal\pipeline.py:146: UserWarning: Version mismatch:
current: {'deps_info': {'pip': '24.0', 'setuptools': '65.5.0', 'pycaret': '3.3.0', 'IPython': '8.22.2', 'ipywidgets': '8.1.2', 'tqdm': '4.66.2', 'numpy': '1.24.3', 'pandas': '2.0.1', 'jinja2': '3.1.2', 'scipy': '1.11.4', 'joblib': '1.3.2', 'sklearn': '1.4.1.post1', 'pyod': '1.1.3', 'imblearn': '0.12.0', 'category_encoders': '2.6.3', 'lightgbm': '4.3.0', 'numba': '0.59.0', 'requests': '2.31.0', 'matplotlib': '3.7.5', 'scikitplot': '0.3.7', 'yellowbrick': '1.5', 'plotly': '5.19.0', 'plotly-resampler': 'Not installed', 'kaleido': '0.2.1', 'schemdraw': '0.15', 'statsmodels': '0.14.1', 'sktime': '0.27.0', 'tbats': '1.1.3', 'pmdarima': '2.0.4', 'psutil': '5.9.8', 'markupsafe': '2.1.3', 'pickle5': 'Not installed', 'cloudpickle': '3.0.0', 'deprecation': '2.1.0', 'xxhash': '3.4.1', 'wurlitzer': 'Not installed'}, 'python': {'version': '3.11.8', 'machine': 'AMD64'}}
pickle: {'deps_info': {'pip': '23.1.2', 'setuptools': '67.7.2', 'pycaret': '3.3.0', 'IPython': '7.34.0', 'ipywidgets': '7.7.1', 'tqdm': '4.66.2', 'numpy': '1.25.2', 'pandas': '1.5.3', 'jinja2': '3.1.3', 'scipy': '1.11.4', 'joblib': '1.3.2', 'sklearn': '1.4.1.post1', 'pyod': '1.1.3', 'imblearn': '0.12.0', 'category_encoders': '2.6.3', 'lightgbm': '4.1.0', 'numba': '0.58.1', 'requests': '2.31.0', 'matplotlib': '3.7.1', 'scikitplot': '0.3.7', 'yellowbrick': '1.5', 'plotly': '5.15.0', 'plotly-resampler': 'Not installed', 'kaleido': '0.2.1', 'schemdraw': '0.15', 'statsmodels': '0.14.1', 'sktime': '0.27.0', 'tbats': '1.1.3', 'pmdarima': '2.0.4', 'psutil': '5.9.5', 'markupsafe': '2.1.5', 'pickle5': 'Not installed', 'cloudpickle': '2.2.1', 'deprecation': '2.1.0', 'xxhash': '3.4.1', 'wurlitzer': '3.0.3'}, 'python': {'version': '3.10.12', 'machine': 'x86_64'}}
  warnings.warn(

2024-03-06 20:30:43,051:INFO:Initializing predict_model()
2024-03-06 20:30:43,051:INFO:predict_model(self=<pycaret.classification.oop.ClassificationExperiment object at 0x000001A791149290>, estimator=Pipeline(memory=Memory(location=None),
         steps=[('numerical_imputer',
                 TransformerWrapper(include=['age', 'sex', 'cp', 'trestbps',
                                             'chol', 'fbs', 'restecg',
                                             'thalach', 'exang', 'oldpeak',
                                             'slope', 'ca', 'thal',
                                             'total_risk',
                                             'cholesterol_hdl_ratio'],
                                    transformer=SimpleImputer())),
                ('categorical_imputer',
                 TransformerWrapper(include=[],
                                    transformer=SimpleImputer(strategy='most_frequent'))),
                ('trained_model',
                 LogisticRegression(max_iter=1000, random_state=122))]), probability_threshold=None, encoded_labels=False, raw_score=False, round=4, verbose=True, ml_usecase=None, preprocess=True, encode_labels=<function _SupervisedExperiment.predict_model.<locals>.encode_labels at 0x000001A791413CE0>)
2024-03-06 20:30:43,051:INFO:Checking exceptions
2024-03-06 20:30:43,051:INFO:Preloading libraries
2024-03-06 20:30:43,051:INFO:Set up data.
2024-03-06 20:30:43,061:INFO:Set up index.
2024-03-06 20:30:43,226:WARNING:D:\MyData\Salma\uni\years\Senior-2\Spring 2024\CSE492 Graduation Project (2)\django\my leaf classification demo\demo\myapp\views.py:106: FutureWarning: Calling int on a single element Series is deprecated and will raise a TypeError in the future. Use int(ser.iloc[0]) instead
  if int(user_output['prediction_label']) == 0:

