2024-04-28 06:45:41,562:WARNING:
'cuml' is a soft dependency and not included in the pycaret installation. Please run: `pip install cuml` to install.
2024-04-28 06:45:41,562:WARNING:
'cuml' is a soft dependency and not included in the pycaret installation. Please run: `pip install cuml` to install.
2024-04-28 06:45:41,562:WARNING:
'cuml' is a soft dependency and not included in the pycaret installation. Please run: `pip install cuml` to install.
2024-04-28 06:45:41,563:WARNING:
'cuml' is a soft dependency and not included in the pycaret installation. Please run: `pip install cuml` to install.
2024-04-28 06:45:55,545:INFO:Initializing load_model()
2024-04-28 06:45:55,545:INFO:load_model(model_name=demo/my_best_pipeline, platform=None, authentication=None, verbose=True)
2024-04-28 06:45:55,554:WARNING:D:\My Applications\my_python_venvs\my_venv\Lib\site-packages\pycaret\internal\pipeline.py:146: UserWarning: Version mismatch:
current: {'deps_info': {'pip': '23.2.1', 'setuptools': '69.1.1', 'pycaret': '3.3.0', 'IPython': '8.17.2', 'ipywidgets': '8.1.2', 'tqdm': '4.66.2', 'numpy': '1.26.1', 'pandas': '2.1.2', 'jinja2': '3.1.3', 'scipy': '1.11.3', 'joblib': '1.3.2', 'sklearn': '1.4.1.post1', 'pyod': '1.1.3', 'imblearn': '0.12.0', 'category_encoders': '2.6.3', 'lightgbm': '4.3.0', 'numba': '0.59.0', 'requests': '2.31.0', 'matplotlib': '3.7.5', 'scikitplot': '0.3.7', 'yellowbrick': '1.5', 'plotly': '5.19.0', 'plotly-resampler': 'Not installed', 'kaleido': '0.2.1', 'schemdraw': '0.15', 'statsmodels': '0.14.1', 'sktime': '0.27.0', 'tbats': '1.1.3', 'pmdarima': '2.0.4', 'psutil': '5.9.6', 'markupsafe': '2.1.5', 'pickle5': 'Not installed', 'cloudpickle': '3.0.0', 'deprecation': '2.1.0', 'xxhash': '3.4.1', 'wurlitzer': 'Not installed'}, 'python': {'version': '3.11.9', 'machine': 'AMD64'}}
pickle: {'deps_info': {'pip': '23.1.2', 'setuptools': '67.7.2', 'pycaret': '3.3.0', 'IPython': '7.34.0', 'ipywidgets': '7.7.1', 'tqdm': '4.66.2', 'numpy': '1.25.2', 'pandas': '1.5.3', 'jinja2': '3.1.3', 'scipy': '1.11.4', 'joblib': '1.3.2', 'sklearn': '1.4.1.post1', 'pyod': '1.1.3', 'imblearn': '0.12.0', 'category_encoders': '2.6.3', 'lightgbm': '4.1.0', 'numba': '0.58.1', 'requests': '2.31.0', 'matplotlib': '3.7.1', 'scikitplot': '0.3.7', 'yellowbrick': '1.5', 'plotly': '5.15.0', 'plotly-resampler': 'Not installed', 'kaleido': '0.2.1', 'schemdraw': '0.15', 'statsmodels': '0.14.1', 'sktime': '0.27.0', 'tbats': '1.1.3', 'pmdarima': '2.0.4', 'psutil': '5.9.5', 'markupsafe': '2.1.5', 'pickle5': 'Not installed', 'cloudpickle': '2.2.1', 'deprecation': '2.1.0', 'xxhash': '3.4.1', 'wurlitzer': '3.0.3'}, 'python': {'version': '3.10.12', 'machine': 'x86_64'}}
  warnings.warn(

2024-04-28 06:45:55,571:INFO:Initializing predict_model()
2024-04-28 06:45:55,571:INFO:predict_model(self=<pycaret.classification.oop.ClassificationExperiment object at 0x0000024347A4F9D0>, estimator=Pipeline(memory=Memory(location=None),
         steps=[('numerical_imputer',
                 TransformerWrapper(include=['age', 'sex', 'cp', 'trestbps',
                                             'chol', 'fbs', 'restecg',
                                             'thalach', 'exang', 'oldpeak',
                                             'slope', 'ca', 'thal',
                                             'total_risk',
                                             'cholesterol_hdl_ratio'],
                                    transformer=SimpleImputer())),
                ('categorical_imputer',
                 TransformerWrapper(include=[],
                                    transformer=SimpleImputer(strategy='most_frequent'))),
                ('trained_model',
                 LogisticRegression(max_iter=1000, random_state=122))]), probability_threshold=None, encoded_labels=False, raw_score=False, round=4, verbose=True, ml_usecase=None, preprocess=True, encode_labels=<function _SupervisedExperiment.predict_model.<locals>.encode_labels at 0x0000024347E3B7E0>)
2024-04-28 06:45:55,572:INFO:Checking exceptions
2024-04-28 06:45:55,572:INFO:Preloading libraries
2024-04-28 06:45:55,572:INFO:Set up data.
2024-04-28 06:45:55,577:INFO:Set up index.
